Testing tests/agent/test_agent_base.py... ✓ PASSED
Testing tests/agent/test_agent_enum.py... ✓ PASSED
Testing tests/agent/test_agent_runner.py... ✓ PASSED
Testing tests/agent/test_agent_utils.py... ✓ PASSED
Testing tests/agent/test_coordinator_agent.py... ✗ TIMEOUT (>5s)
Testing tests/agent/test_search_base.py... ✗ FAILED
  FFFFFFFFFFF...FF                                                         [100%]
=========================== short test summary info ============================
FAILED tests/agent/test_search_base.py::TestSearchPlannerClass::test_planner_initialization
FAILED tests/agent/test_search_base.py::TestSearchPlannerClass::test_planner_run_agent
FAILED tests/agent/test_search_base.py::TestSearchPlannerClass::test_planner_configure_agent_called
FAILED tests/agent/test_search_base.py::TestSearchToolAgentClass::test_tool_initialization
FAILED tests/agent/test_search_base.py::TestSearchToolAgentClass::test_tool_run_agent_executes_searches
FAILED tests/agent/test_search_base.py::TestSearchToolAgentClass::test_tool_respects_concurrency_limit
FAILED tests/agent/test_search_base.py::TestSearchToolAgentClass::test_tool_handles_empty_searches
FAILED tests/agent/test_search_base.py::TestSearchToolAgentClass::test_tool_filters_none_results
FAILED tests/agent/test_search_base.py::TestSearchWriterClass::test_writer_initialization
FAILED tests/agent/test_search_base.py::TestSearchWriterClass::test_writer_run_agent
FAILED tests/agent/test_search_base.py::TestSearchWriterClass::test_writer_context_contains_search_results
FAILED tests/agent/test_search_base.py::TestSearchAgentConcurrency::test_concurrent_search_execution
FAILED tests/agent/test_search_base.py::TestSearchAgentErrorHandling::test_writer_handles_list_result_types
13 failed, 3 passed in 1.41s

Testing tests/agent/test_text_agents.py... ✓ PASSED
Testing tests/agent/test_validator_agent.py... ✓ PASSED
Testing tests/response/test_data_path_error.py... ✗ TIMEOUT (>5s)
Testing tests/response/test_dummy_coverage.py... ✗ TIMEOUT (>5s)
Testing tests/response/test_response_base.py... ✗ TIMEOUT (>5s)
Testing tests/response/test_response_base_unit.py... ✗ TIMEOUT (>5s)
Testing tests/response/test_response_configuration.py... ✓ PASSED
Testing tests/response/test_response_registry.py... ✓ PASSED
Testing tests/response/test_save_no_path.py... ✗ TIMEOUT (>5s)
Testing tests/response/test_schema_auto_generation.py... ✗ TIMEOUT (>5s)
Testing tests/response/test_system_vector_cleanup.py... ✗ TIMEOUT (>5s)
Testing tests/structure/test_agent_blueprint.py... ✓ PASSED
Testing tests/structure/test_plan_execution.py... ✓ PASSED
Testing tests/structure/test_plan_helpers.py... ✓ PASSED
Testing tests/structure/test_structure_base.py... ✗ TIMEOUT (>5s)
Testing tests/test_async_utils.py... ✗ TIMEOUT (>5s)
Testing tests/test_base_method_aliases.py... ✓ PASSED
Testing tests/test_build_settings.py... ✓ PASSED
Testing tests/test_config.py... ✓ PASSED
Testing tests/test_context_manager.py... ✗ TIMEOUT (>5s)
Testing tests/test_deprecation.py... ✓ PASSED
Testing tests/test_enums.py... ✓ PASSED
Testing tests/test_errors.py... ✓ PASSED
Testing tests/test_imports.py... ✗ FAILED
  FF                                                                       [100%]
=========================== short test summary info ============================
FAILED tests/test_imports.py::test_load_modules_by_path - ImportError: cannot...
FAILED tests/test_imports.py::test_top_level_exports - ImportError: cannot im...
2 failed in 1.36s

Testing tests/test_integration.py... 